<?xml version="1.0" encoding="UTF-8"?>
<!-- Generated by org.testng.reporters.JUnitReportReporter -->
<testsuite hostname="TRPL-PUN-0113" failures="0" tests="6" name="criticalTestScripts.StatutoryMGMT" time="1648.839" errors="0" timestamp="2025-05-26T11:13:37 IST" skipped="0">
  <testcase classname="criticalTestScripts.StatutoryMGMT" name="CategoriesCountMatch" time="111.399"/>
  <testcase classname="criticalTestScripts.StatutoryMGMT" name="CompliancesCountMatch" time="144.771"/>
  <testcase classname="criticalTestScripts.StatutoryMGMT" name="UsersCountMatch" time="139.976"/>
  <testcase classname="criticalTestScripts.StatutoryMGMT" name="SummaryofOverdueCompliances" time="124.150"/>
  <testcase classname="criticalTestScripts.StatutoryMGMT" name="NotCompleted_PieChart" time="548.412"/>
  <testcase classname="criticalTestScripts.StatutoryMGMT" name="ClosedDelayed_PieChart" time="580.131"/>
</testsuite> <!-- criticalTestScripts.StatutoryMGMT -->
