<?xml version="1.0" encoding="UTF-8"?>
<!-- Generated by org.testng.reporters.JUnitReportReporter -->
<testsuite hostname="TRPL-PUN-0113" failures="0" tests="64" name="criticalTestScripts.ApprovalStatutory" time="9825.348" errors="2" timestamp="2025-05-09T00:19:50 IST" skipped="42">
  <testcase classname="criticalTestScripts.ApprovalStatutory" name="Login" time="459.005">
    <error message="Expected condition failed: waiting for presence of element located by: By.xpath: //*[@id=&#039;ContentPlaceHolder1_LinkButton3&#039;] (tried for 40 second(s) with 500 milliseconds interval)" type="org.openqa.selenium.TimeoutException">
      <![CDATA[org.openqa.selenium.TimeoutException: Expected condition failed: waiting for presence of element located by: By.xpath: //*[@id='ContentPlaceHolder1_LinkButton3'] (tried for 40 second(s) with 500 milliseconds interval)
at org.openqa.selenium.support.ui.WebDriverWait.timeoutException(WebDriverWait.java:95)
at org.openqa.selenium.support.ui.FluentWait.until(FluentWait.java:272)
at login.BasePage.initialization1(BasePage.java:312)
at criticalTestScripts.ApprovalStatutory.Login(ApprovalStatutory.java:84)
at java.base/jdk.internal.reflect.DirectMethodHandleAccessor.invoke(DirectMethodHandleAccessor.java:103)
at java.base/java.lang.reflect.Method.invoke(Method.java:580)
at org.testng.internal.MethodInvocationHelper.invokeMethod(MethodInvocationHelper.java:133)
at org.testng.internal.MethodInvocationHelper.invokeMethodConsideringTimeout(MethodInvocationHelper.java:62)
at org.testng.internal.ConfigInvoker.invokeConfigurationMethod(ConfigInvoker.java:385)
at org.testng.internal.ConfigInvoker.invokeConfigurations(ConfigInvoker.java:321)
at org.testng.internal.TestInvoker.runConfigMethods(TestInvoker.java:700)
at org.testng.internal.TestInvoker.invokeMethod(TestInvoker.java:527)
at org.testng.internal.TestInvoker.invokeTestMethod(TestInvoker.java:173)
at org.testng.internal.MethodRunner.runInSequence(MethodRunner.java:46)
at org.testng.internal.TestInvoker$MethodInvocationAgent.invoke(TestInvoker.java:824)
at org.testng.internal.TestInvoker.invokeTestMethods(TestInvoker.java:146)
at org.testng.internal.TestMethodWorker.invokeTestMethods(TestMethodWorker.java:146)
at org.testng.internal.TestMethodWorker.run(TestMethodWorker.java:128)
at java.base/java.util.ArrayList.forEach(ArrayList.java:1597)
at org.testng.TestRunner.privateRun(TestRunner.java:794)
at org.testng.TestRunner.run(TestRunner.java:596)
at org.testng.SuiteRunner.runTest(SuiteRunner.java:377)
at org.testng.SuiteRunner.runSequentially(SuiteRunner.java:371)
at org.testng.SuiteRunner.privateRun(SuiteRunner.java:332)
at org.testng.SuiteRunner.run(SuiteRunner.java:276)
at org.testng.SuiteRunnerWorker.runSuite(SuiteRunnerWorker.java:53)
at org.testng.SuiteRunnerWorker.run(SuiteRunnerWorker.java:96)
at org.testng.TestNG.runSuitesSequentially(TestNG.java:1212)
at org.testng.TestNG.runSuitesLocally(TestNG.java:1134)
at org.testng.TestNG.runSuites(TestNG.java:1063)
at org.testng.TestNG.run(TestNG.java:1031)
at org.testng.remote.AbstractRemoteTestNG.run(AbstractRemoteTestNG.java:115)
at org.testng.remote.RemoteTestNG.initAndRun(RemoteTestNG.java:293)
at org.testng.remote.RemoteTestNG.main(RemoteTestNG.java:91)
Caused by: org.openqa.selenium.NoSuchElementException: no such element: Unable to locate element: {"method":"xpath","selector":"//*[@id='ContentPlaceHolder1_LinkButton3']"}
  (Session info: chrome=135.0.7049.115)
For documentation on this error, please visit: http://seleniumhq.org/exceptions/no_such_element.html
Build info: version: '3.141.0', revision: '2ecb7d9a', time: '2018-10-31T20:09:30'
System info: host: 'TRPL-PUN-0113', ip: '192.168.1.2', os.name: 'Windows 11', os.arch: 'amd64', os.version: '10.0', java.version: '23.0.2'
Driver info: org.openqa.selenium.chrome.ChromeDriver
Capabilities {acceptInsecureCerts: false, browserName: chrome, browserVersion: 135.0.7049.115, chrome: {chromedriverVersion: 135.0.7049.84 (6c019e560019..., userDataDir: C:\Users\mayurig\AppData\Lo...}, fedcm:accounts: true, goog:chromeOptions: {debuggerAddress: localhost:51231}, javascriptEnabled: true, networkConnectionEnabled: false, pageLoadStrategy: normal, platform: WINDOWS, platformName: WINDOWS, proxy: Proxy(), setWindowRect: true, strictFileInteractability: false, timeouts: {implicit: 0, pageLoad: 300000, script: 30000}, unhandledPromptBehavior: dismiss and notify, webauthn:extension:credBlob: true, webauthn:extension:largeBlob: true, webauthn:extension:minPinLength: true, webauthn:extension:prf: true, webauthn:virtualAuthenticators: true}
Session ID: 522952196c7fef8653eea6d6502814f0
*** Element info: {Using=xpath, value=//*[@id='ContentPlaceHolder1_LinkButton3']}
at java.base/jdk.internal.reflect.DirectConstructorHandleAccessor.newInstance(DirectConstructorHandleAccessor.java:62)
at java.base/java.lang.reflect.Constructor.newInstanceWithCaller(Constructor.java:501)
at java.base/java.lang.reflect.Constructor.newInstance(Constructor.java:485)
at org.openqa.selenium.remote.http.W3CHttpResponseCodec.createException(W3CHttpResponseCodec.java:187)
at org.openqa.selenium.remote.http.W3CHttpResponseCodec.decode(W3CHttpResponseCodec.java:122)
at org.openqa.selenium.remote.http.W3CHttpResponseCodec.decode(W3CHttpResponseCodec.java:49)
at org.openqa.selenium.remote.HttpCommandExecutor.execute(HttpCommandExecutor.java:158)
at org.openqa.selenium.remote.service.DriverCommandExecutor.execute(DriverCommandExecutor.java:83)
at org.openqa.selenium.remote.RemoteWebDriver.execute(RemoteWebDriver.java:552)
at org.openqa.selenium.remote.RemoteWebDriver.findElement(RemoteWebDriver.java:323)
at org.openqa.selenium.remote.RemoteWebDriver.findElementByXPath(RemoteWebDriver.java:428)
at org.openqa.selenium.By$ByXPath.findElement(By.java:353)
at org.openqa.selenium.remote.RemoteWebDriver.findElement(RemoteWebDriver.java:315)
at org.openqa.selenium.support.ui.ExpectedConditions$6.apply(ExpectedConditions.java:182)
at org.openqa.selenium.support.ui.ExpectedConditions$6.apply(ExpectedConditions.java:179)
at org.openqa.selenium.support.ui.FluentWait.until(FluentWait.java:249)
... 32 more
]]>
    </error>
  </testcase> <!-- Login -->
  <system-out/>
  <testcase classname="criticalTestScripts.ApprovalStatutory" name="Entities" time="178.733"/>
  <system-out/>
  <testcase classname="criticalTestScripts.ApprovalStatutory" name="LocationCount" time="141.537"/>
  <system-out/>
  <testcase classname="criticalTestScripts.ApprovalStatutory" name="CategoriesCountMatch" time="190.412"/>
  <system-out/>
  <testcase classname="criticalTestScripts.ApprovalStatutory" name="CompliancesCountMatch" time="186.339"/>
  <system-out/>
  <testcase classname="criticalTestScripts.ApprovalStatutory" name="UsersCountMatch" time="191.106"/>
  <system-out/>
  <testcase classname="criticalTestScripts.ApprovalStatutory" name="SummaryofOverdueCompliances" time="172.899"/>
  <system-out/>
  <testcase classname="criticalTestScripts.ApprovalStatutory" name="NotCompleted_PieChart" time="646.199"/>
  <system-out/>
  <testcase classname="criticalTestScripts.ApprovalStatutory" name="ClosedDelayed_PieChart" time="557.916"/>
  <system-out/>
  <testcase classname="criticalTestScripts.ApprovalStatutory" name="ClosedTimely_PieChart" time="551.578"/>
  <system-out/>
  <testcase classname="criticalTestScripts.ApprovalStatutory" name="NotApplicable_PieChart" time="547.682"/>
  <system-out/>
  <testcase classname="criticalTestScripts.ApprovalStatutory" name="Overdue_PieChart" time="623.798"/>
  <system-out/>
  <testcase classname="criticalTestScripts.ApprovalStatutory" name="dueToday_PieChart" time="166.267"/>
  <system-out/>
  <testcase classname="criticalTestScripts.ApprovalStatutory" name="pendingForReview_PieChart" time="562.569"/>
  <system-out/>
  <testcase classname="criticalTestScripts.ApprovalStatutory" name="inProgress_PieChart" time="518.124"/>
  <system-out/>
  <testcase classname="criticalTestScripts.ApprovalStatutory" name="rejected_PieChart" time="554.114"/>
  <system-out/>
  <testcase classname="criticalTestScripts.ApprovalStatutory" name="BargraphIndustrySpeCriticalStatutory" time="687.544"/>
  <system-out/>
  <testcase classname="criticalTestScripts.ApprovalStatutory" name="BargraphIndustrySpeHighStatutory" time="151.096">
    <error message="For input string: &quot;&quot;" type="java.lang.NumberFormatException">
      <![CDATA[java.lang.NumberFormatException: For input string: ""
at java.base/java.lang.NumberFormatException.forInputString(NumberFormatException.java:67)
at java.base/java.lang.Integer.parseInt(Integer.java:565)
at java.base/java.lang.Integer.parseInt(Integer.java:685)
at criticalTestScripts.ApprovalStatutory.BargraphIndustrySpeHighStatutory(ApprovalStatutory.java:1287)
at java.base/jdk.internal.reflect.DirectMethodHandleAccessor.invoke(DirectMethodHandleAccessor.java:103)
at java.base/java.lang.reflect.Method.invoke(Method.java:580)
at org.testng.internal.MethodInvocationHelper.invokeMethod(MethodInvocationHelper.java:133)
at org.testng.internal.TestInvoker.invokeMethod(TestInvoker.java:598)
at org.testng.internal.TestInvoker.invokeTestMethod(TestInvoker.java:173)
at org.testng.internal.MethodRunner.runInSequence(MethodRunner.java:46)
at org.testng.internal.TestInvoker$MethodInvocationAgent.invoke(TestInvoker.java:824)
at org.testng.internal.TestInvoker.invokeTestMethods(TestInvoker.java:146)
at org.testng.internal.TestMethodWorker.invokeTestMethods(TestMethodWorker.java:146)
at org.testng.internal.TestMethodWorker.run(TestMethodWorker.java:128)
at java.base/java.util.ArrayList.forEach(ArrayList.java:1597)
at org.testng.TestRunner.privateRun(TestRunner.java:794)
at org.testng.TestRunner.run(TestRunner.java:596)
at org.testng.SuiteRunner.runTest(SuiteRunner.java:377)
at org.testng.SuiteRunner.runSequentially(SuiteRunner.java:371)
at org.testng.SuiteRunner.privateRun(SuiteRunner.java:332)
at org.testng.SuiteRunner.run(SuiteRunner.java:276)
at org.testng.SuiteRunnerWorker.runSuite(SuiteRunnerWorker.java:53)
at org.testng.SuiteRunnerWorker.run(SuiteRunnerWorker.java:96)
at org.testng.TestNG.runSuitesSequentially(TestNG.java:1212)
at org.testng.TestNG.runSuitesLocally(TestNG.java:1134)
at org.testng.TestNG.runSuites(TestNG.java:1063)
at org.testng.TestNG.run(TestNG.java:1031)
at org.testng.remote.AbstractRemoteTestNG.run(AbstractRemoteTestNG.java:115)
at org.testng.remote.RemoteTestNG.initAndRun(RemoteTestNG.java:293)
at org.testng.remote.RemoteTestNG.main(RemoteTestNG.java:91)
]]>
    </error>
  </testcase> <!-- BargraphIndustrySpeHighStatutory -->
  <system-out/>
  <testcase classname="criticalTestScripts.ApprovalStatutory" name="BargraphIndustrySpeMediumStatutory" time="701.994"/>
  <system-out/>
  <testcase classname="criticalTestScripts.ApprovalStatutory" name="BargraphIndustrySpeLowStatutory" time="691.598"/>
  <system-out/>
  <testcase classname="criticalTestScripts.ApprovalStatutory" name="RiskSummaryCriticalStatutory" time="692.778"/>
  <system-out/>
  <testcase classname="criticalTestScripts.ApprovalStatutory" name="RiskSummaryHighStatutory" time="652.060"/>
  <system-out/>
  <testcase classname="criticalTestScripts.ApprovalStatutory" name="RiskSummaryMediumStatutory" time="0.000">
    <skipped/>
  </testcase> <!-- RiskSummaryMediumStatutory -->
  <system-out/>
  <testcase classname="criticalTestScripts.ApprovalStatutory" name="RiskSummaryLowStatutory" time="0.000">
    <skipped/>
  </testcase> <!-- RiskSummaryLowStatutory -->
  <system-out/>
  <testcase classname="criticalTestScripts.ApprovalStatutory" name="DepartmentSummaryAccountStatutory" time="0.000">
    <skipped/>
  </testcase> <!-- DepartmentSummaryAccountStatutory -->
  <system-out/>
  <testcase classname="criticalTestScripts.ApprovalStatutory" name="NotCompleted_PieChartPeriod" time="0.000">
    <skipped/>
  </testcase> <!-- NotCompleted_PieChartPeriod -->
  <system-out/>
  <testcase classname="criticalTestScripts.ApprovalStatutory" name="ClosedDelayed_PieChartPeriod" time="0.000">
    <skipped/>
  </testcase> <!-- ClosedDelayed_PieChartPeriod -->
  <system-out/>
  <testcase classname="criticalTestScripts.ApprovalStatutory" name="ClosedTimely_PieChartPeriod" time="0.000">
    <skipped/>
  </testcase> <!-- ClosedTimely_PieChartPeriod -->
  <system-out/>
  <testcase classname="criticalTestScripts.ApprovalStatutory" name="NotApplicable_PieChartPeriod" time="0.000">
    <skipped/>
  </testcase> <!-- NotApplicable_PieChartPeriod -->
  <system-out/>
  <testcase classname="criticalTestScripts.ApprovalStatutory" name="UpcomingPieChartPeriod" time="0.000">
    <skipped/>
  </testcase> <!-- UpcomingPieChartPeriod -->
  <system-out/>
  <testcase classname="criticalTestScripts.ApprovalStatutory" name="Overdue_PieChartPeriod" time="0.000">
    <skipped/>
  </testcase> <!-- Overdue_PieChartPeriod -->
  <system-out/>
  <testcase classname="criticalTestScripts.ApprovalStatutory" name="pendingForReview_PieChartPeriod" time="0.000">
    <skipped/>
  </testcase> <!-- pendingForReview_PieChartPeriod -->
  <system-out/>
  <testcase classname="criticalTestScripts.ApprovalStatutory" name="inProgress_PieChartPeriod" time="0.000">
    <skipped/>
  </testcase> <!-- inProgress_PieChartPeriod -->
  <system-out/>
  <testcase classname="criticalTestScripts.ApprovalStatutory" name="rejected_PieChartPeriod" time="0.000">
    <skipped/>
  </testcase> <!-- rejected_PieChartPeriod -->
  <system-out/>
  <testcase classname="criticalTestScripts.ApprovalStatutory" name="complianceCalendar" time="0.000">
    <skipped/>
  </testcase> <!-- complianceCalendar -->
  <system-out/>
  <testcase classname="criticalTestScripts.ApprovalStatutory" name="DetailedReport" time="0.000">
    <skipped/>
  </testcase> <!-- DetailedReport -->
  <system-out/>
  <testcase classname="criticalTestScripts.ApprovalStatutory" name="AssignmentReport" time="0.000">
    <skipped/>
  </testcase> <!-- AssignmentReport -->
  <system-out/>
  <testcase classname="criticalTestScripts.ApprovalStatutory" name="ComplianceDocuments" time="0.000">
    <skipped/>
  </testcase> <!-- ComplianceDocuments -->
  <system-out/>
  <testcase classname="criticalTestScripts.ApprovalStatutory" name="NCcompletionVsNCOverdue" time="0.000">
    <skipped/>
  </testcase> <!-- NCcompletionVsNCOverdue -->
  <system-out/>
  <testcase classname="criticalTestScripts.ApprovalStatutory" name="NCcompletionVsNCOverdueP" time="0.000">
    <skipped/>
  </testcase> <!-- NCcompletionVsNCOverdueP -->
  <system-out/>
  <testcase classname="criticalTestScripts.ApprovalStatutory" name="DetailedreportVsdashboardNotCompletedcount" time="0.000">
    <skipped/>
  </testcase> <!-- DetailedreportVsdashboardNotCompletedcount -->
  <system-out/>
  <testcase classname="criticalTestScripts.ApprovalStatutory" name="DetailedreportVsdashboardCloseddealyedcount" time="0.000">
    <skipped/>
  </testcase> <!-- DetailedreportVsdashboardCloseddealyedcount -->
  <system-out/>
  <testcase classname="criticalTestScripts.ApprovalStatutory" name="DetailedreportVsdashboardclosedtimelycount" time="0.000">
    <skipped/>
  </testcase> <!-- DetailedreportVsdashboardclosedtimelycount -->
  <system-out/>
  <testcase classname="criticalTestScripts.ApprovalStatutory" name="DetailedreportVsdashboardNAcount" time="0.000">
    <skipped/>
  </testcase> <!-- DetailedreportVsdashboardNAcount -->
  <system-out/>
  <testcase classname="criticalTestScripts.ApprovalStatutory" name="DetailedreportVsOverduecount" time="0.000">
    <skipped/>
  </testcase> <!-- DetailedreportVsOverduecount -->
  <system-out/>
  <testcase classname="criticalTestScripts.ApprovalStatutory" name="DetailedreportVsDueTodaycount" time="0.000">
    <skipped/>
  </testcase> <!-- DetailedreportVsDueTodaycount -->
  <system-out/>
  <testcase classname="criticalTestScripts.ApprovalStatutory" name="DetailedreportVsPFRcount" time="0.000">
    <skipped/>
  </testcase> <!-- DetailedreportVsPFRcount -->
  <system-out/>
  <testcase classname="criticalTestScripts.ApprovalStatutory" name="DetailedreportVsINprocount" time="0.000">
    <skipped/>
  </testcase> <!-- DetailedreportVsINprocount -->
  <system-out/>
  <testcase classname="criticalTestScripts.ApprovalStatutory" name="DetailedreportVsRejectedcount" time="0.000">
    <skipped/>
  </testcase> <!-- DetailedreportVsRejectedcount -->
  <system-out/>
  <testcase classname="criticalTestScripts.ApprovalStatutory" name="DetailedreportVsCommercialCriticalcount" time="0.000">
    <skipped/>
  </testcase> <!-- DetailedreportVsCommercialCriticalcount -->
  <system-out/>
  <testcase classname="criticalTestScripts.ApprovalStatutory" name="DetailedreportVsCommercialHighcount" time="0.000">
    <skipped/>
  </testcase> <!-- DetailedreportVsCommercialHighcount -->
  <system-out/>
  <testcase classname="criticalTestScripts.ApprovalStatutory" name="DetailedreportVsCommercialMediumcount" time="0.000">
    <skipped/>
  </testcase> <!-- DetailedreportVsCommercialMediumcount -->
  <system-out/>
  <testcase classname="criticalTestScripts.ApprovalStatutory" name="DetailedreportVsCommercialLowcount" time="0.000">
    <skipped/>
  </testcase> <!-- DetailedreportVsCommercialLowcount -->
  <system-out/>
  <testcase classname="criticalTestScripts.ApprovalStatutory" name="riskSummaryCriticalNotCompleted1" time="0.000">
    <skipped/>
  </testcase> <!-- riskSummaryCriticalNotCompleted1 -->
  <system-out/>
  <testcase classname="criticalTestScripts.ApprovalStatutory" name="riskSummaryClosedDelayed" time="0.000">
    <skipped/>
  </testcase> <!-- riskSummaryClosedDelayed -->
  <system-out/>
  <testcase classname="criticalTestScripts.ApprovalStatutory" name="riskSummaryClosedTimely" time="0.000">
    <skipped/>
  </testcase> <!-- riskSummaryClosedTimely -->
  <system-out/>
  <testcase classname="criticalTestScripts.ApprovalStatutory" name="riskSummaryNotApplicable" time="0.000">
    <skipped/>
  </testcase> <!-- riskSummaryNotApplicable -->
  <system-out/>
  <testcase classname="criticalTestScripts.ApprovalStatutory" name="DepartmentSummaryOverdue" time="0.000">
    <skipped/>
  </testcase> <!-- DepartmentSummaryOverdue -->
  <system-out/>
  <testcase classname="criticalTestScripts.ApprovalStatutory" name="DepartmentSummaryClosedDelayed" time="0.000">
    <skipped/>
  </testcase> <!-- DepartmentSummaryClosedDelayed -->
  <system-out/>
  <testcase classname="criticalTestScripts.ApprovalStatutory" name="DepartmentSummaryClosedT" time="0.000">
    <skipped/>
  </testcase> <!-- DepartmentSummaryClosedT -->
  <system-out/>
  <testcase classname="criticalTestScripts.ApprovalStatutory" name="DepartmentSummaPR" time="0.000">
    <skipped/>
  </testcase> <!-- DepartmentSummaPR -->
  <system-out/>
  <testcase classname="criticalTestScripts.ApprovalStatutory" name="DepaINPROGRESSR" time="0.000">
    <skipped/>
  </testcase> <!-- DepaINPROGRESSR -->
  <system-out/>
  <testcase classname="criticalTestScripts.ApprovalStatutory" name="DepartmentSummaryRejected" time="0.000">
    <skipped/>
  </testcase> <!-- DepartmentSummaryRejected -->
  <system-out/>
  <testcase classname="criticalTestScripts.ApprovalStatutory" name="DepartmentSummaryNotApplicable" time="0.000">
    <skipped/>
  </testcase> <!-- DepartmentSummaryNotApplicable -->
  <system-out/>
</testsuite> <!-- criticalTestScripts.ApprovalStatutory -->
