<?xml version="1.0" encoding="UTF-8"?>
<!-- Generated by org.testng.reporters.JUnitReportReporter -->
<testsuite hostname="TRPL-PUN-0113" failures="0" tests="39" name="criticalTestScripts.InternalMgmt" time="6467.752" errors="1" timestamp="2025-06-06T19:34:07 IST" skipped="29">
  <testcase classname="criticalTestScripts.InternalMgmt" name="Login" time="166.536">
    <error type="java.lang.NullPointerException">
      <![CDATA[java.lang.NullPointerException
at java.base/java.util.Objects.requireNonNull(Objects.java:220)
at org.openqa.selenium.support.ui.FluentWait.<init>(FluentWait.java:106)
at org.openqa.selenium.support.ui.WebDriverWait.<init>(WebDriverWait.java:85)
at org.openqa.selenium.support.ui.WebDriverWait.<init>(WebDriverWait.java:45)
at login.Login.UserLogin(Login.java:94)
at login.BasePage.initialization(BasePage.java:212)
at criticalTestScripts.InternalMgmt.Login(InternalMgmt.java:84)
at java.base/jdk.internal.reflect.DirectMethodHandleAccessor.invoke(DirectMethodHandleAccessor.java:103)
at java.base/java.lang.reflect.Method.invoke(Method.java:580)
at org.testng.internal.invokers.MethodInvocationHelper.invokeMethod(MethodInvocationHelper.java:141)
at org.testng.internal.invokers.MethodInvocationHelper.invokeMethodConsideringTimeout(MethodInvocationHelper.java:71)
at org.testng.internal.invokers.ConfigInvoker.invokeConfigurationMethod(ConfigInvoker.java:400)
at org.testng.internal.invokers.ConfigInvoker.invokeConfigurations(ConfigInvoker.java:333)
at org.testng.internal.invokers.TestInvoker.runConfigMethods(TestInvoker.java:836)
at org.testng.internal.invokers.TestInvoker.invokeMethod(TestInvoker.java:601)
at org.testng.internal.invokers.TestInvoker.invokeTestMethod(TestInvoker.java:230)
at org.testng.internal.invokers.MethodRunner.runInSequence(MethodRunner.java:63)
at org.testng.internal.invokers.TestInvoker$MethodInvocationAgent.invoke(TestInvoker.java:995)
at org.testng.internal.invokers.TestInvoker.invokeTestMethods(TestInvoker.java:203)
at org.testng.internal.invokers.TestMethodWorker.invokeTestMethods(TestMethodWorker.java:154)
at org.testng.internal.invokers.TestMethodWorker.run(TestMethodWorker.java:134)
at java.base/java.util.ArrayList.forEach(ArrayList.java:1597)
at org.testng.TestRunner.privateRun(TestRunner.java:741)
at org.testng.TestRunner.run(TestRunner.java:616)
at org.testng.SuiteRunner.runTest(SuiteRunner.java:421)
at org.testng.SuiteRunner.runSequentially(SuiteRunner.java:413)
at org.testng.SuiteRunner.privateRun(SuiteRunner.java:373)
at org.testng.SuiteRunner.run(SuiteRunner.java:312)
at org.testng.SuiteRunnerWorker.runSuite(SuiteRunnerWorker.java:52)
at org.testng.SuiteRunnerWorker.run(SuiteRunnerWorker.java:95)
at org.testng.TestNG.runSuitesSequentially(TestNG.java:1274)
at org.testng.TestNG.runSuitesLocally(TestNG.java:1208)
at org.testng.TestNG.runSuites(TestNG.java:1112)
at org.testng.TestNG.run(TestNG.java:1079)
at org.testng.remote.AbstractRemoteTestNG.run(AbstractRemoteTestNG.java:115)
at org.testng.remote.RemoteTestNG.initAndRun(RemoteTestNG.java:293)
at org.testng.remote.RemoteTestNG.main(RemoteTestNG.java:91)
]]>
    </error>
  </testcase> <!-- Login -->
  <testcase classname="criticalTestScripts.InternalMgmt" name="ClosedDelayed_PieChartPeriod" time="904.561"/>
  <testcase classname="criticalTestScripts.InternalMgmt" name="NotCompleted_PieChartPeriod" time="921.115"/>
  <testcase classname="criticalTestScripts.InternalMgmt" name="NotApplicable_PieChartPeriod" time="242.482"/>
  <testcase classname="criticalTestScripts.InternalMgmt" name="Upcoming_PieChartPeriod" time="658.604"/>
  <testcase classname="criticalTestScripts.InternalMgmt" name="Overdue_PieChartInternalPeriod" time="787.716"/>
  <testcase classname="criticalTestScripts.InternalMgmt" name="dueToday_PieChartPeriod" time="282.247"/>
  <testcase classname="criticalTestScripts.InternalMgmt" name="PFR_PieChartInternalPeriod" time="895.782"/>
  <testcase classname="criticalTestScripts.InternalMgmt" name="InProgress_PieChartInternalPeriod" time="884.598"/>
  <testcase classname="criticalTestScripts.InternalMgmt" name="Rejected_PieChartInternalPeriod" time="724.111"/>
  <testcase classname="criticalTestScripts.InternalMgmt" name="DetailedReportIn" time="0.000">
    <skipped/>
  </testcase> <!-- DetailedReportIn -->
  <testcase classname="criticalTestScripts.InternalMgmt" name="AssignmentReport" time="0.000">
    <skipped/>
  </testcase> <!-- AssignmentReport -->
  <testcase classname="criticalTestScripts.InternalMgmt" name="ComplianceDocumentsIN" time="0.000">
    <skipped/>
  </testcase> <!-- ComplianceDocumentsIN -->
  <testcase classname="criticalTestScripts.InternalMgmt" name="NCcompletionVsNCOverdueIn" time="0.000">
    <skipped/>
  </testcase> <!-- NCcompletionVsNCOverdueIn -->
  <testcase classname="criticalTestScripts.InternalMgmt" name="DetailedreportVsdashboardNotCompletedcountIn" time="0.000">
    <skipped/>
  </testcase> <!-- DetailedreportVsdashboardNotCompletedcountIn -->
  <testcase classname="criticalTestScripts.InternalMgmt" name="DetailedreportVsdashboardclosedtimelycountIn" time="0.000">
    <skipped/>
  </testcase> <!-- DetailedreportVsdashboardclosedtimelycountIn -->
  <testcase classname="criticalTestScripts.InternalMgmt" name="DetailedreportVsdashboardCloseddealyedcountIn" time="0.000">
    <skipped/>
  </testcase> <!-- DetailedreportVsdashboardCloseddealyedcountIn -->
  <testcase classname="criticalTestScripts.InternalMgmt" name="DetailedreportVsdashboardNAcountIn" time="0.000">
    <skipped/>
  </testcase> <!-- DetailedreportVsdashboardNAcountIn -->
  <testcase classname="criticalTestScripts.InternalMgmt" name="DetailedreportVsOverduecountIn" time="0.000">
    <skipped/>
  </testcase> <!-- DetailedreportVsOverduecountIn -->
  <testcase classname="criticalTestScripts.InternalMgmt" name="DetailedreportVsDueTodaycountIn" time="0.000">
    <skipped/>
  </testcase> <!-- DetailedreportVsDueTodaycountIn -->
  <testcase classname="criticalTestScripts.InternalMgmt" name="DetailedreportVsPFRcountIn" time="0.000">
    <skipped/>
  </testcase> <!-- DetailedreportVsPFRcountIn -->
  <testcase classname="criticalTestScripts.InternalMgmt" name="DetailedreportVsINprocountIn" time="0.000">
    <skipped/>
  </testcase> <!-- DetailedreportVsINprocountIn -->
  <testcase classname="criticalTestScripts.InternalMgmt" name="DetailedreportVsRejectedcountIn" time="0.000">
    <skipped/>
  </testcase> <!-- DetailedreportVsRejectedcountIn -->
  <testcase classname="criticalTestScripts.InternalMgmt" name="DetailedreportVsCommercialCriticalcountIn" time="0.000">
    <skipped/>
  </testcase> <!-- DetailedreportVsCommercialCriticalcountIn -->
  <testcase classname="criticalTestScripts.InternalMgmt" name="DetailedreportVsCommercialHighcountIn" time="0.000">
    <skipped/>
  </testcase> <!-- DetailedreportVsCommercialHighcountIn -->
  <testcase classname="criticalTestScripts.InternalMgmt" name="DetailedreportVsCommercialMediumcountIn" time="0.000">
    <skipped/>
  </testcase> <!-- DetailedreportVsCommercialMediumcountIn -->
  <testcase classname="criticalTestScripts.InternalMgmt" name="DetailedreportVsCommercialLowcountIn" time="0.000">
    <skipped/>
  </testcase> <!-- DetailedreportVsCommercialLowcountIn -->
  <testcase classname="criticalTestScripts.InternalMgmt" name="riskSummaryCriticalNotCompletedIn" time="0.000">
    <skipped/>
  </testcase> <!-- riskSummaryCriticalNotCompletedIn -->
  <testcase classname="criticalTestScripts.InternalMgmt" name="riskSummaryClosedDelayedIn" time="0.000">
    <skipped/>
  </testcase> <!-- riskSummaryClosedDelayedIn -->
  <testcase classname="criticalTestScripts.InternalMgmt" name="riskSummaryClosedTimely" time="0.000">
    <skipped/>
  </testcase> <!-- riskSummaryClosedTimely -->
  <testcase classname="criticalTestScripts.InternalMgmt" name="riskSummaryNotApplicable" time="0.000">
    <skipped/>
  </testcase> <!-- riskSummaryNotApplicable -->
  <testcase classname="criticalTestScripts.InternalMgmt" name="DepartmentSummaryOverdueIn" time="0.000">
    <skipped/>
  </testcase> <!-- DepartmentSummaryOverdueIn -->
  <testcase classname="criticalTestScripts.InternalMgmt" name="DepartmentSummaryClosedDelayedIn" time="0.000">
    <skipped/>
  </testcase> <!-- DepartmentSummaryClosedDelayedIn -->
  <testcase classname="criticalTestScripts.InternalMgmt" name="DepartmentSummaryClosedTIn" time="0.000">
    <skipped/>
  </testcase> <!-- DepartmentSummaryClosedTIn -->
  <testcase classname="criticalTestScripts.InternalMgmt" name="DepartmentSummaPRIn" time="0.000">
    <skipped/>
  </testcase> <!-- DepartmentSummaPRIn -->
  <testcase classname="criticalTestScripts.InternalMgmt" name="DepaINPROGRESSR" time="0.000">
    <skipped/>
  </testcase> <!-- DepaINPROGRESSR -->
  <testcase classname="criticalTestScripts.InternalMgmt" name="DepartmentSummaryRejectedIn" time="0.000">
    <skipped/>
  </testcase> <!-- DepartmentSummaryRejectedIn -->
  <testcase classname="criticalTestScripts.InternalMgmt" name="DepartmentSummaryNotApplicableIn" time="0.000">
    <skipped/>
  </testcase> <!-- DepartmentSummaryNotApplicableIn -->
  <testcase classname="criticalTestScripts.InternalMgmt" name="NCcompletionVsNCOverduePIn" time="0.000">
    <skipped/>
  </testcase> <!-- NCcompletionVsNCOverduePIn -->
</testsuite> <!-- criticalTestScripts.InternalMgmt -->
