<?xml version="1.0" encoding="UTF-8"?>
<!-- Generated by org.testng.reporters.JUnitReportReporter -->
<testsuite hostname="TRPL-PUN-0113" failures="0" tests="1" name="performer.OverdueCount" time="243.818" errors="0" timestamp="2025-06-27T12:27:13 IST" skipped="0">
  <testcase classname="performer.OverdueCount" name="UpcomingFilterSta" time="243.818"/>
</testsuite> <!-- performer.OverdueCount -->
